<?xml version="1.0" encoding="UTF-8"?>
<testng-results skipped="43" failed="0" total="43" passed="0">
  <reporter-output>
  </reporter-output>
  <suite name="TestNG Test Suite" duration-ms="70379" started-at="2016-08-09T09:20:07Z" finished-at="2016-08-09T09:21:18Z">
    <groups>
    </groups>
    <test name="Credentials" duration-ms="3918" started-at="2016-08-09T09:20:07Z" finished-at="2016-08-09T09:20:11Z">
      <class name="home_page_features.Signup">
        <test-method status="SKIP" signature="start(java.lang.String)[pri:0, instance:home_page_features.Signup@328bdd6b]" name="start" is-config="true" duration-ms="0" started-at="2016-08-09T10:20:11Z" finished-at="2016-08-09T10:20:11Z">
          <reporter-output>
          </reporter-output>
        </test-method> <!-- start -->
        <test-method status="SKIP" signature="signup(java.lang.String, java.lang.String, java.lang.String, java.lang.String, java.lang.String, java.lang.String, java.lang.String, java.lang.String, java.lang.String)[pri:0, instance:home_page_features.Signup@328bdd6b]" name="signup" duration-ms="0" started-at="2016-08-09T10:20:11Z" data-provider="create" finished-at="2016-08-09T10:20:11Z">
          <params>
            <param index="0">
              <value>
                <![CDATA[M]]>
              </value>
            </param>
            <param index="1">
              <value>
                <![CDATA[person]]>
              </value>
            </param>
            <param index="2">
              <value>
                <![CDATA[person]]>
              </value>
            </param>
            <param index="3">
              <value>
                <![CDATA[person]]>
              </value>
            </param>
            <param index="4">
              <value>
                <![CDATA[person]]>
              </value>
            </param>
            <param index="5">
              <value>
                <![CDATA[person]]>
              </value>
            </param>
            <param index="6">
              <value>
                <![CDATA[person]]>
              </value>
            </param>
            <param index="7">
              <value>
                <![CDATA[person]]>
              </value>
            </param>
            <param index="8">
              <value>
                <![CDATA[person]]>
              </value>
            </param>
          </params>
          <reporter-output>
          </reporter-output>
        </test-method> <!-- signup -->
        <test-method status="SKIP" signature="afterMethod()[pri:0, instance:home_page_features.Signup@328bdd6b]" name="afterMethod" is-config="true" duration-ms="0" started-at="2016-08-09T10:20:11Z" finished-at="2016-08-09T10:20:11Z">
          <reporter-output>
          </reporter-output>
        </test-method> <!-- afterMethod -->
        <test-method status="SKIP" signature="destroy()[pri:0, instance:home_page_features.Signup@328bdd6b]" name="destroy" is-config="true" duration-ms="0" started-at="2016-08-09T10:20:11Z" finished-at="2016-08-09T10:20:11Z">
          <reporter-output>
          </reporter-output>
        </test-method> <!-- destroy -->
        <test-method status="SKIP" signature="signup(java.lang.String, java.lang.String, java.lang.String, java.lang.String, java.lang.String, java.lang.String, java.lang.String, java.lang.String, java.lang.String)[pri:0, instance:home_page_features.Signup@328bdd6b]" name="signup" duration-ms="0" started-at="2016-08-09T10:20:11Z" data-provider="create" finished-at="2016-08-09T10:20:11Z">
          <params>
            <param index="0">
              <value>
                <![CDATA[F]]>
              </value>
            </param>
            <param index="1">
              <value>
                <![CDATA[person1]]>
              </value>
            </param>
            <param index="2">
              <value>
                <![CDATA[person1@email.com]]>
              </value>
            </param>
            <param index="3">
              <value>
                <![CDATA[person1]]>
              </value>
            </param>
            <param index="4">
              <value>
                <![CDATA[person1]]>
              </value>
            </param>
            <param index="5">
              <value>
                <![CDATA[person1]]>
              </value>
            </param>
            <param index="6">
              <value>
                <![CDATA[person]]>
              </value>
            </param>
            <param index="7">
              <value>
                <![CDATA[]]>
              </value>
            </param>
            <param index="8">
              <value>
                <![CDATA[text]]>
              </value>
            </param>
          </params>
          <reporter-output>
          </reporter-output>
        </test-method> <!-- signup -->
        <test-method status="SKIP" signature="afterMethod()[pri:0, instance:home_page_features.Signup@328bdd6b]" name="afterMethod" is-config="true" duration-ms="0" started-at="2016-08-09T10:20:11Z" finished-at="2016-08-09T10:20:11Z">
          <reporter-output>
          </reporter-output>
        </test-method> <!-- afterMethod -->
        <test-method status="SKIP" signature="start(java.lang.String)[pri:0, instance:home_page_features.Signup@328bdd6b]" name="start" is-config="true" duration-ms="0" started-at="2016-08-09T10:20:11Z" finished-at="2016-08-09T10:20:11Z">
          <reporter-output>
          </reporter-output>
        </test-method> <!-- start -->
        <test-method status="SKIP" signature="destroy()[pri:0, instance:home_page_features.Signup@328bdd6b]" name="destroy" is-config="true" duration-ms="0" started-at="2016-08-09T10:20:11Z" finished-at="2016-08-09T10:20:11Z">
          <reporter-output>
          </reporter-output>
        </test-method> <!-- destroy -->
        <test-method status="SKIP" signature="signup(java.lang.String, java.lang.String, java.lang.String, java.lang.String, java.lang.String, java.lang.String, java.lang.String, java.lang.String, java.lang.String)[pri:0, instance:home_page_features.Signup@328bdd6b]" name="signup" duration-ms="0" started-at="2016-08-09T10:20:11Z" data-provider="create" finished-at="2016-08-09T10:20:11Z">
          <params>
            <param index="0">
              <value>
                <![CDATA[M]]>
              </value>
            </param>
            <param index="1">
              <value>
                <![CDATA[person2]]>
              </value>
            </param>
            <param index="2">
              <value>
                <![CDATA[person2@gmail.com]]>
              </value>
            </param>
            <param index="3">
              <value>
                <![CDATA[person2]]>
              </value>
            </param>
            <param index="4">
              <value>
                <![CDATA[]]>
              </value>
            </param>
            <param index="5">
              <value>
                <![CDATA[person2]]>
              </value>
            </param>
            <param index="6">
              <value>
                <![CDATA[person2]]>
              </value>
            </param>
            <param index="7">
              <value>
                <![CDATA[]]>
              </value>
            </param>
            <param index="8">
              <value>
                <![CDATA[somewhere]]>
              </value>
            </param>
          </params>
          <reporter-output>
          </reporter-output>
        </test-method> <!-- signup -->
        <test-method status="SKIP" signature="afterMethod()[pri:0, instance:home_page_features.Signup@328bdd6b]" name="afterMethod" is-config="true" duration-ms="0" started-at="2016-08-09T10:20:11Z" finished-at="2016-08-09T10:20:11Z">
          <reporter-output>
          </reporter-output>
        </test-method> <!-- afterMethod -->
        <test-method status="SKIP" signature="destroy()[pri:0, instance:home_page_features.Signup@328bdd6b]" name="destroy" is-config="true" duration-ms="0" started-at="2016-08-09T10:20:11Z" finished-at="2016-08-09T10:20:11Z">
          <reporter-output>
          </reporter-output>
        </test-method> <!-- destroy -->
        <test-method status="SKIP" signature="start(java.lang.String)[pri:0, instance:home_page_features.Signup@328bdd6b]" name="start" is-config="true" duration-ms="0" started-at="2016-08-09T10:20:11Z" finished-at="2016-08-09T10:20:11Z">
          <reporter-output>
          </reporter-output>
        </test-method> <!-- start -->
      </class> <!-- home_page_features.Signup -->
      <class name="home_page_features.Login">
        <test-method status="FAIL" signature="start(java.lang.String)[pri:0, instance:home_page_features.Login@1d9f0336]" name="start" is-config="true" duration-ms="0" started-at="2016-08-09T10:20:11Z" finished-at="2016-08-09T10:20:11Z">
          <params>
            <param index="0">
              <value>
                <![CDATA[IE]]>
              </value>
            </param>
          </params>
          <exception class="java.lang.IllegalStateException">
            <message>
              <![CDATA[The driver executable does not exist: /home/krys/automated-testing/MACCTests/C:\IEdriver.exe]]>
            </message>
            <full-stacktrace>
              <![CDATA[java.lang.IllegalStateException: The driver executable does not exist: /home/krys/automated-testing/MACCTests/C:\IEdriver.exe
	at com.google.common.base.Preconditions.checkState(Preconditions.java:199)
	at org.openqa.selenium.remote.service.DriverService.checkExecutable(DriverService.java:121)
	at org.openqa.selenium.remote.service.DriverService.findExecutable(DriverService.java:116)
	at org.openqa.selenium.ie.InternetExplorerDriverService.access$0(InternetExplorerDriverService.java:1)
	at org.openqa.selenium.ie.InternetExplorerDriverService$Builder.findDefaultExecutable(InternetExplorerDriverService.java:167)
	at org.openqa.selenium.remote.service.DriverService$Builder.build(DriverService.java:296)
	at org.openqa.selenium.ie.InternetExplorerDriver.setupService(InternetExplorerDriver.java:251)
	at org.openqa.selenium.ie.InternetExplorerDriver.<init>(InternetExplorerDriver.java:172)
	at org.openqa.selenium.ie.InternetExplorerDriver.<init>(InternetExplorerDriver.java:146)
	at common.CommonCode.start(CommonCode.java:68)
	at sun.reflect.NativeMethodAccessorImpl.invoke0(Native Method)
	at sun.reflect.NativeMethodAccessorImpl.invoke(NativeMethodAccessorImpl.java:57)
	at sun.reflect.DelegatingMethodAccessorImpl.invoke(DelegatingMethodAccessorImpl.java:43)
	at java.lang.reflect.Method.invoke(Method.java:606)
	at org.testng.internal.MethodInvocationHelper.invokeMethod(MethodInvocationHelper.java:86)
	at org.testng.internal.Invoker.invokeConfigurationMethod(Invoker.java:515)
	at org.testng.internal.Invoker.invokeConfigurations(Invoker.java:216)
	at org.testng.internal.Invoker.invokeMethod(Invoker.java:590)
	at org.testng.internal.Invoker.invokeTestMethod(Invoker.java:823)
	at org.testng.internal.Invoker.invokeTestMethods(Invoker.java:1131)
	at org.testng.internal.TestMethodWorker.invokeTestMethods(TestMethodWorker.java:129)
	at org.testng.internal.TestMethodWorker.run(TestMethodWorker.java:112)
	at org.testng.TestRunner.privateRun(TestRunner.java:778)
	at org.testng.TestRunner.run(TestRunner.java:632)
	at org.testng.SuiteRunner.runTest(SuiteRunner.java:366)
	at org.testng.SuiteRunner.runSequentially(SuiteRunner.java:361)
	at org.testng.SuiteRunner.privateRun(SuiteRunner.java:319)
	at org.testng.SuiteRunner.run(SuiteRunner.java:268)
	at org.testng.SuiteRunnerWorker.runSuite(SuiteRunnerWorker.java:52)
	at org.testng.SuiteRunnerWorker.run(SuiteRunnerWorker.java:86)
	at org.testng.TestNG.runSuitesSequentially(TestNG.java:1225)
	at org.testng.TestNG.runSuitesLocally(TestNG.java:1150)
	at org.testng.TestNG.runSuites(TestNG.java:1075)
	at org.testng.TestNG.run(TestNG.java:1047)
	at utilities.Main.main(Main.java:21)
]]>
            </full-stacktrace>
          </exception> <!-- java.lang.IllegalStateException -->
          <reporter-output>
          </reporter-output>
        </test-method> <!-- start -->
        <test-method status="SKIP" signature="start(java.lang.String)[pri:0, instance:home_page_features.Login@1d9f0336]" name="start" is-config="true" duration-ms="0" started-at="2016-08-09T10:20:11Z" finished-at="2016-08-09T10:20:11Z">
          <reporter-output>
          </reporter-output>
        </test-method> <!-- start -->
        <test-method status="SKIP" signature="destroy()[pri:0, instance:home_page_features.Login@1d9f0336]" name="destroy" is-config="true" duration-ms="0" started-at="2016-08-09T10:20:11Z" finished-at="2016-08-09T10:20:11Z">
          <reporter-output>
          </reporter-output>
        </test-method> <!-- destroy -->
        <test-method status="SKIP" signature="login(java.lang.String, java.lang.String)[pri:0, instance:home_page_features.Login@1d9f0336]" name="login" duration-ms="0" started-at="2016-08-09T10:20:11Z" data-provider="Authentication" finished-at="2016-08-09T10:20:11Z">
          <params>
            <param index="0">
              <value>
                <![CDATA[daisyab]]>
              </value>
            </param>
            <param index="1">
              <value>
                <![CDATA[mypassword]]>
              </value>
            </param>
          </params>
          <reporter-output>
          </reporter-output>
        </test-method> <!-- login -->
        <test-method status="SKIP" signature="login(java.lang.String, java.lang.String)[pri:0, instance:home_page_features.Login@1d9f0336]" name="login" duration-ms="0" started-at="2016-08-09T10:20:11Z" data-provider="Authentication" finished-at="2016-08-09T10:20:11Z">
          <params>
            <param index="0">
              <value>
                <![CDATA[admin]]>
              </value>
            </param>
            <param index="1">
              <value>
                <![CDATA[mypassword]]>
              </value>
            </param>
          </params>
          <reporter-output>
          </reporter-output>
        </test-method> <!-- login -->
        <test-method status="SKIP" signature="login(java.lang.String, java.lang.String)[pri:0, instance:home_page_features.Login@1d9f0336]" name="login" duration-ms="0" started-at="2016-08-09T10:20:11Z" data-provider="Authentication" finished-at="2016-08-09T10:20:11Z">
          <params>
            <param index="0">
              <value>
                <![CDATA[daisy]]>
              </value>
            </param>
            <param index="1">
              <value>
                <![CDATA[password]]>
              </value>
            </param>
          </params>
          <reporter-output>
          </reporter-output>
        </test-method> <!-- login -->
        <test-method status="SKIP" signature="destroy()[pri:0, instance:home_page_features.Login@1d9f0336]" name="destroy" is-config="true" duration-ms="0" started-at="2016-08-09T10:20:11Z" finished-at="2016-08-09T10:20:11Z">
          <reporter-output>
          </reporter-output>
        </test-method> <!-- destroy -->
        <test-method status="SKIP" signature="login(java.lang.String, java.lang.String)[pri:0, instance:home_page_features.Login@1d9f0336]" name="login" duration-ms="1" started-at="2016-08-09T10:20:11Z" data-provider="Authentication" finished-at="2016-08-09T10:20:11Z">
          <params>
            <param index="0">
              <value>
                <![CDATA[hello]]>
              </value>
            </param>
            <param index="1">
              <value>
                <![CDATA[hi]]>
              </value>
            </param>
          </params>
          <reporter-output>
          </reporter-output>
        </test-method> <!-- login -->
        <test-method status="SKIP" signature="start(java.lang.String)[pri:0, instance:home_page_features.Login@1d9f0336]" name="start" is-config="true" duration-ms="0" started-at="2016-08-09T10:20:11Z" finished-at="2016-08-09T10:20:11Z">
          <reporter-output>
          </reporter-output>
        </test-method> <!-- start -->
        <test-method status="SKIP" signature="start(java.lang.String)[pri:0, instance:home_page_features.Login@1d9f0336]" name="start" is-config="true" duration-ms="0" started-at="2016-08-09T10:20:11Z" finished-at="2016-08-09T10:20:11Z">
          <reporter-output>
          </reporter-output>
        </test-method> <!-- start -->
        <test-method status="SKIP" signature="destroy()[pri:0, instance:home_page_features.Login@1d9f0336]" name="destroy" is-config="true" duration-ms="0" started-at="2016-08-09T10:20:11Z" finished-at="2016-08-09T10:20:11Z">
          <reporter-output>
          </reporter-output>
        </test-method> <!-- destroy -->
        <test-method status="SKIP" signature="start(java.lang.String)[pri:0, instance:home_page_features.Login@1d9f0336]" name="start" is-config="true" duration-ms="0" started-at="2016-08-09T10:20:11Z" finished-at="2016-08-09T10:20:11Z">
          <reporter-output>
          </reporter-output>
        </test-method> <!-- start -->
        <test-method status="SKIP" signature="destroy()[pri:0, instance:home_page_features.Login@1d9f0336]" name="destroy" is-config="true" duration-ms="0" started-at="2016-08-09T10:20:11Z" finished-at="2016-08-09T10:20:11Z">
          <reporter-output>
          </reporter-output>
        </test-method> <!-- destroy -->
        <test-method status="SKIP" signature="destroy()[pri:0, instance:home_page_features.Login@1d9f0336]" name="destroy" is-config="true" duration-ms="0" started-at="2016-08-09T10:20:11Z" finished-at="2016-08-09T10:20:11Z">
          <reporter-output>
          </reporter-output>
        </test-method> <!-- destroy -->
        <test-method status="SKIP" signature="login(java.lang.String, java.lang.String)[pri:0, instance:home_page_features.Login@1d9f0336]" name="login" duration-ms="0" started-at="2016-08-09T10:20:11Z" data-provider="Authentication" finished-at="2016-08-09T10:20:11Z">
          <params>
            <param index="0">
              <value>
                <![CDATA[tahirih]]>
              </value>
            </param>
            <param index="1">
              <value>
                <![CDATA[]]>
              </value>
            </param>
          </params>
          <reporter-output>
          </reporter-output>
        </test-method> <!-- login -->
      </class> <!-- home_page_features.Login -->
    </test> <!-- Credentials -->
    <test name="HomePageTests" duration-ms="27338" started-at="2016-08-09T09:20:11Z" finished-at="2016-08-09T09:20:39Z">
      <class name="home_page_features.EditProfile">
        <test-method status="SKIP" signature="afterMethod()[pri:0, instance:home_page_features.EditProfile@614b5446]" name="afterMethod" is-config="true" duration-ms="0" started-at="2016-08-09T10:20:39Z" finished-at="2016-08-09T10:20:39Z">
          <reporter-output>
          </reporter-output>
        </test-method> <!-- afterMethod -->
        <test-method status="SKIP" signature="beforeMethod()[pri:0, instance:home_page_features.EditProfile@614b5446]" name="beforeMethod" is-config="true" duration-ms="0" started-at="2016-08-09T10:20:39Z" finished-at="2016-08-09T10:20:39Z">
          <reporter-output>
          </reporter-output>
        </test-method> <!-- beforeMethod -->
        <test-method status="SKIP" signature="editProfile(java.lang.String, java.lang.String, java.lang.String, java.lang.String, java.lang.String, java.lang.String)[pri:0, instance:home_page_features.EditProfile@614b5446]" name="editProfile" duration-ms="0" started-at="2016-08-09T10:20:39Z" data-provider="editProfile" finished-at="2016-08-09T10:20:39Z">
          <params>
            <param index="0">
              <value>
                <![CDATA[Daisy]]>
              </value>
            </param>
            <param index="1">
              <value>
                <![CDATA[dsf]]>
              </value>
            </param>
            <param index="2">
              <value>
                <![CDATA[No mobile]]>
              </value>
            </param>
            <param index="3">
              <value>
                <![CDATA[someemail]]>
              </value>
            </param>
            <param index="4">
              <value>
                <![CDATA[Female]]>
              </value>
            </param>
            <param index="5">
              <value>
                <![CDATA[somewhere]]>
              </value>
            </param>
          </params>
          <reporter-output>
          </reporter-output>
        </test-method> <!-- editProfile -->
        <test-method status="SKIP" signature="afterMethod()[pri:0, instance:home_page_features.EditProfile@614b5446]" name="afterMethod" is-config="true" duration-ms="0" started-at="2016-08-09T10:20:39Z" finished-at="2016-08-09T10:20:39Z">
          <reporter-output>
          </reporter-output>
        </test-method> <!-- afterMethod -->
        <test-method status="SKIP" signature="beforeMethod()[pri:0, instance:home_page_features.EditProfile@614b5446]" name="beforeMethod" is-config="true" duration-ms="0" started-at="2016-08-09T10:20:39Z" finished-at="2016-08-09T10:20:39Z">
          <reporter-output>
          </reporter-output>
        </test-method> <!-- beforeMethod -->
        <test-method status="SKIP" signature="editProfile(java.lang.String, java.lang.String, java.lang.String, java.lang.String, java.lang.String, java.lang.String)[pri:0, instance:home_page_features.EditProfile@614b5446]" name="editProfile" duration-ms="0" started-at="2016-08-09T10:20:39Z" data-provider="editProfile" finished-at="2016-08-09T10:20:39Z">
          <params>
            <param index="0">
              <value>
                <![CDATA[sds]]>
              </value>
            </param>
            <param index="1">
              <value>
                <![CDATA[Nkweteyim]]>
              </value>
            </param>
            <param index="2">
              <value>
                <![CDATA[]]>
              </value>
            </param>
            <param index="3">
              <value>
                <![CDATA[email@email.com]]>
              </value>
            </param>
            <param index="4">
              <value>
                <![CDATA[Male]]>
              </value>
            </param>
            <param index="5">
              <value>
                <![CDATA[here]]>
              </value>
            </param>
          </params>
          <reporter-output>
          </reporter-output>
        </test-method> <!-- editProfile -->
        <test-method status="SKIP" signature="editProfile(java.lang.String, java.lang.String, java.lang.String, java.lang.String, java.lang.String, java.lang.String)[pri:0, instance:home_page_features.EditProfile@614b5446]" name="editProfile" duration-ms="0" started-at="2016-08-09T10:20:39Z" data-provider="editProfile" finished-at="2016-08-09T10:20:39Z">
          <params>
            <param index="0">
              <value>
                <![CDATA[]]>
              </value>
            </param>
            <param index="1">
              <value>
                <![CDATA[;l,;']]>
              </value>
            </param>
            <param index="2">
              <value>
                <![CDATA[]]>
              </value>
            </param>
            <param index="3">
              <value>
                <![CDATA[adsf]]>
              </value>
            </param>
            <param index="4">
              <value>
                <![CDATA[dfsfa]]>
              </value>
            </param>
            <param index="5">
              <value>
                <![CDATA[aadsf]]>
              </value>
            </param>
          </params>
          <reporter-output>
          </reporter-output>
        </test-method> <!-- editProfile -->
        <test-method status="SKIP" signature="beforeMethod()[pri:0, instance:home_page_features.EditProfile@614b5446]" name="beforeMethod" is-config="true" duration-ms="0" started-at="2016-08-09T10:20:39Z" finished-at="2016-08-09T10:20:39Z">
          <reporter-output>
          </reporter-output>
        </test-method> <!-- beforeMethod -->
        <test-method status="SKIP" signature="afterMethod()[pri:0, instance:home_page_features.EditProfile@614b5446]" name="afterMethod" is-config="true" duration-ms="0" started-at="2016-08-09T10:20:39Z" finished-at="2016-08-09T10:20:39Z">
          <reporter-output>
          </reporter-output>
        </test-method> <!-- afterMethod -->
        <test-method status="SKIP" signature="editProfile(java.lang.String, java.lang.String, java.lang.String, java.lang.String, java.lang.String, java.lang.String)[pri:0, instance:home_page_features.EditProfile@614b5446]" name="editProfile" duration-ms="0" started-at="2016-08-09T10:20:39Z" data-provider="editProfile" finished-at="2016-08-09T10:20:39Z">
          <params>
            <param index="0">
              <value>
                <![CDATA[Daisy]]>
              </value>
            </param>
            <param index="1">
              <value>
                <![CDATA[Nkweteyim]]>
              </value>
            </param>
            <param index="2">
              <value>
                <![CDATA[asdf]]>
              </value>
            </param>
            <param index="3">
              <value>
                <![CDATA[amial@mail.com]]>
              </value>
            </param>
            <param index="4">
              <value>
                <![CDATA[Noanswer]]>
              </value>
            </param>
            <param index="5">
              <value>
                <![CDATA[anywhere]]>
              </value>
            </param>
          </params>
          <reporter-output>
          </reporter-output>
        </test-method> <!-- editProfile -->
        <test-method status="SKIP" signature="beforeMethod()[pri:0, instance:home_page_features.EditProfile@614b5446]" name="beforeMethod" is-config="true" duration-ms="0" started-at="2016-08-09T10:20:39Z" finished-at="2016-08-09T10:20:39Z">
          <reporter-output>
          </reporter-output>
        </test-method> <!-- beforeMethod -->
        <test-method status="SKIP" signature="afterMethod()[pri:0, instance:home_page_features.EditProfile@614b5446]" name="afterMethod" is-config="true" duration-ms="0" started-at="2016-08-09T10:20:39Z" finished-at="2016-08-09T10:20:39Z">
          <reporter-output>
          </reporter-output>
        </test-method> <!-- afterMethod -->
      </class> <!-- home_page_features.EditProfile -->
      <class name="home_page_features.Policies">
        <test-method status="SKIP" signature="afterMethod()[pri:0, instance:home_page_features.Policies@42a2e5cc]" name="afterMethod" is-config="true" duration-ms="0" started-at="2016-08-09T10:20:38Z" finished-at="2016-08-09T10:20:38Z">
          <reporter-output>
          </reporter-output>
        </test-method> <!-- afterMethod -->
        <test-method status="SKIP" signature="policiesTest()[pri:0, instance:home_page_features.Policies@42a2e5cc]" name="policiesTest" duration-ms="0" started-at="2016-08-09T10:20:38Z" finished-at="2016-08-09T10:20:38Z">
          <reporter-output>
          </reporter-output>
        </test-method> <!-- policiesTest -->
        <test-method status="SKIP" signature="beforeMethod()[pri:0, instance:home_page_features.Policies@42a2e5cc]" name="beforeMethod" is-config="true" duration-ms="0" started-at="2016-08-09T10:20:38Z" finished-at="2016-08-09T10:20:38Z">
          <reporter-output>
          </reporter-output>
        </test-method> <!-- beforeMethod -->
      </class> <!-- home_page_features.Policies -->
      <class name="home_page_features.AboutPeaceCorps">
        <test-method status="FAIL" signature="beforeMethod()[pri:0, instance:home_page_features.AboutPeaceCorps@72e797db]" name="beforeMethod" is-config="true" duration-ms="0" started-at="2016-08-09T10:20:11Z" finished-at="2016-08-09T10:20:11Z">
          <exception class="org.openqa.selenium.remote.UnreachableBrowserException">
            <message>
              <![CDATA[Error communicating with the remote browser. It may have died.
Build info: version: '2.53.0', revision: '35ae25b', time: '2016-03-15 17:00:58'
System info: host: 'krys', ip: '127.0.1.1', os.name: 'Linux', os.arch: 'amd64', os.version: '4.2.0-42-generic', java.version: '1.7.0_101'
Driver info: driver.version: RemoteWebDriver
Session ID: 15c96331-dfdc-4f44-85e7-e0c61fe31e0c
Capabilities [{platform=LINUX, acceptSslCerts=true, javascriptEnabled=true, cssSelectorsEnabled=true, databaseEnabled=true, browserName=firefox, handlesAlerts=true, nativeEvents=false, webStorageEnabled=true, rotatable=false, locationContextEnabled=true, applicationCacheEnabled=true, takesScreenshot=true, version=47.0}]]]>
            </message>
            <full-stacktrace>
              <![CDATA[org.openqa.selenium.remote.UnreachableBrowserException: Error communicating with the remote browser. It may have died.
Build info: version: '2.53.0', revision: '35ae25b', time: '2016-03-15 17:00:58'
System info: host: 'krys', ip: '127.0.1.1', os.name: 'Linux', os.arch: 'amd64', os.version: '4.2.0-42-generic', java.version: '1.7.0_101'
Driver info: driver.version: RemoteWebDriver
Session ID: 15c96331-dfdc-4f44-85e7-e0c61fe31e0c
Capabilities [{platform=LINUX, acceptSslCerts=true, javascriptEnabled=true, cssSelectorsEnabled=true, databaseEnabled=true, browserName=firefox, handlesAlerts=true, nativeEvents=false, webStorageEnabled=true, rotatable=false, locationContextEnabled=true, applicationCacheEnabled=true, takesScreenshot=true, version=47.0}]
	at org.openqa.selenium.remote.RemoteWebDriver.execute(RemoteWebDriver.java:665)
	at org.openqa.selenium.remote.RemoteWebDriver.get(RemoteWebDriver.java:316)
	at common.DataProviderCommonCode.beforeMethod(DataProviderCommonCode.java:27)
	at sun.reflect.NativeMethodAccessorImpl.invoke0(Native Method)
	at sun.reflect.NativeMethodAccessorImpl.invoke(NativeMethodAccessorImpl.java:57)
	at sun.reflect.DelegatingMethodAccessorImpl.invoke(DelegatingMethodAccessorImpl.java:43)
	at java.lang.reflect.Method.invoke(Method.java:606)
	at org.testng.internal.MethodInvocationHelper.invokeMethod(MethodInvocationHelper.java:86)
	at org.testng.internal.Invoker.invokeConfigurationMethod(Invoker.java:515)
	at org.testng.internal.Invoker.invokeConfigurations(Invoker.java:216)
	at org.testng.internal.Invoker.invokeMethod(Invoker.java:590)
	at org.testng.internal.Invoker.invokeTestMethod(Invoker.java:823)
	at org.testng.internal.Invoker.invokeTestMethods(Invoker.java:1131)
	at org.testng.internal.TestMethodWorker.invokeTestMethods(TestMethodWorker.java:129)
	at org.testng.internal.TestMethodWorker.run(TestMethodWorker.java:112)
	at org.testng.TestRunner.privateRun(TestRunner.java:778)
	at org.testng.TestRunner.run(TestRunner.java:632)
	at org.testng.SuiteRunner.runTest(SuiteRunner.java:366)
	at org.testng.SuiteRunner.runSequentially(SuiteRunner.java:361)
	at org.testng.SuiteRunner.privateRun(SuiteRunner.java:319)
	at org.testng.SuiteRunner.run(SuiteRunner.java:268)
	at org.testng.SuiteRunnerWorker.runSuite(SuiteRunnerWorker.java:52)
	at org.testng.SuiteRunnerWorker.run(SuiteRunnerWorker.java:86)
	at org.testng.TestNG.runSuitesSequentially(TestNG.java:1225)
	at org.testng.TestNG.runSuitesLocally(TestNG.java:1150)
	at org.testng.TestNG.runSuites(TestNG.java:1075)
	at org.testng.TestNG.run(TestNG.java:1047)
	at utilities.Main.main(Main.java:21)
Caused by: org.apache.http.conn.HttpHostConnectException: Connect to 127.0.0.1:7055 [/127.0.0.1] failed: Connection refused
	at org.apache.http.impl.conn.DefaultHttpClientConnectionOperator.connect(DefaultHttpClientConnectionOperator.java:151)
	at org.apache.http.impl.conn.PoolingHttpClientConnectionManager.connect(PoolingHttpClientConnectionManager.java:353)
	at org.apache.http.impl.execchain.MainClientExec.establishRoute(MainClientExec.java:380)
	at org.apache.http.impl.execchain.MainClientExec.execute(MainClientExec.java:236)
	at org.apache.http.impl.execchain.ProtocolExec.execute(ProtocolExec.java:184)
	at org.apache.http.impl.execchain.RetryExec.execute(RetryExec.java:88)
	at org.apache.http.impl.execchain.RedirectExec.execute(RedirectExec.java:110)
	at org.apache.http.impl.client.InternalHttpClient.doExecute(InternalHttpClient.java:184)
	at org.apache.http.impl.client.CloseableHttpClient.execute(CloseableHttpClient.java:71)
	at org.apache.http.impl.client.CloseableHttpClient.execute(CloseableHttpClient.java:55)
	at org.openqa.selenium.remote.internal.ApacheHttpClient.fallBackExecute(ApacheHttpClient.java:162)
	at org.openqa.selenium.remote.internal.ApacheHttpClient.execute(ApacheHttpClient.java:90)
	at org.openqa.selenium.remote.HttpCommandExecutor.execute(HttpCommandExecutor.java:142)
	at org.openqa.selenium.firefox.internal.NewProfileExtensionConnection.execute(NewProfileExtensionConnection.java:160)
	at org.openqa.selenium.firefox.FirefoxDriver$LazyCommandExecutor.execute(FirefoxDriver.java:380)
	at org.openqa.selenium.remote.RemoteWebDriver.execute(RemoteWebDriver.java:644)
	... 27 more
Caused by: java.net.ConnectException: Connection refused
	at java.net.PlainSocketImpl.socketConnect(Native Method)
	at java.net.AbstractPlainSocketImpl.doConnect(AbstractPlainSocketImpl.java:339)
	at java.net.AbstractPlainSocketImpl.connectToAddress(AbstractPlainSocketImpl.java:200)
	at java.net.AbstractPlainSocketImpl.connect(AbstractPlainSocketImpl.java:182)
	at java.net.SocksSocketImpl.connect(SocksSocketImpl.java:392)
	at java.net.Socket.connect(Socket.java:579)
	at org.apache.http.conn.socket.PlainConnectionSocketFactory.connectSocket(PlainConnectionSocketFactory.java:74)
	at org.apache.http.impl.conn.DefaultHttpClientConnectionOperator.connect(DefaultHttpClientConnectionOperator.java:134)
	... 42 more
]]>
            </full-stacktrace>
          </exception> <!-- org.openqa.selenium.remote.UnreachableBrowserException -->
          <reporter-output>
          </reporter-output>
        </test-method> <!-- beforeMethod -->
        <test-method status="SKIP" signature="peaceCorpsTest()[pri:0, instance:home_page_features.AboutPeaceCorps@72e797db]" name="peaceCorpsTest" duration-ms="0" started-at="2016-08-09T10:20:38Z" finished-at="2016-08-09T10:20:38Z">
          <reporter-output>
          </reporter-output>
        </test-method> <!-- peaceCorpsTest -->
        <test-method status="SKIP" signature="afterMethod()[pri:0, instance:home_page_features.AboutPeaceCorps@72e797db]" name="afterMethod" is-config="true" duration-ms="0" started-at="2016-08-09T10:20:38Z" finished-at="2016-08-09T10:20:38Z">
          <reporter-output>
          </reporter-output>
        </test-method> <!-- afterMethod -->
      </class> <!-- home_page_features.AboutPeaceCorps -->
      <class name="home_page_features.Help">
        <test-method status="SKIP" signature="beforeMethod()[pri:0, instance:home_page_features.Help@4b670cd]" name="beforeMethod" is-config="true" duration-ms="0" started-at="2016-08-09T10:20:38Z" finished-at="2016-08-09T10:20:38Z">
          <reporter-output>
          </reporter-output>
        </test-method> <!-- beforeMethod -->
        <test-method status="SKIP" signature="helpTest()[pri:0, instance:home_page_features.Help@4b670cd]" name="helpTest" duration-ms="0" started-at="2016-08-09T10:20:38Z" finished-at="2016-08-09T10:20:38Z">
          <reporter-output>
          </reporter-output>
        </test-method> <!-- helpTest -->
        <test-method status="SKIP" signature="afterMethod()[pri:0, instance:home_page_features.Help@4b670cd]" name="afterMethod" is-config="true" duration-ms="0" started-at="2016-08-09T10:20:38Z" finished-at="2016-08-09T10:20:38Z">
          <reporter-output>
          </reporter-output>
        </test-method> <!-- afterMethod -->
      </class> <!-- home_page_features.Help -->
      <class name="home_page_features.Home_Page_Malaria">
        <test-method status="SKIP" signature="beforeMethod()[pri:0, instance:home_page_features.Home_Page_Malaria@65a7a525]" name="beforeMethod" is-config="true" duration-ms="0" started-at="2016-08-09T10:20:38Z" finished-at="2016-08-09T10:20:38Z">
          <reporter-output>
          </reporter-output>
        </test-method> <!-- beforeMethod -->
        <test-method status="SKIP" signature="DashboardTest()[pri:0, instance:home_page_features.Home_Page_Malaria@65a7a525]" name="DashboardTest" duration-ms="0" started-at="2016-08-09T10:20:38Z" finished-at="2016-08-09T10:20:38Z">
          <reporter-output>
          </reporter-output>
        </test-method> <!-- DashboardTest -->
        <test-method status="SKIP" signature="afterMethod()[pri:0, instance:home_page_features.Home_Page_Malaria@65a7a525]" name="afterMethod" is-config="true" duration-ms="0" started-at="2016-08-09T10:20:38Z" finished-at="2016-08-09T10:20:38Z">
          <reporter-output>
          </reporter-output>
        </test-method> <!-- afterMethod -->
      </class> <!-- home_page_features.Home_Page_Malaria -->
      <class name="home_page_features.ImportantDetails">
        <test-method status="SKIP" signature="importantDetailsTest()[pri:0, instance:home_page_features.ImportantDetails@549cd641]" name="importantDetailsTest" duration-ms="0" started-at="2016-08-09T10:20:38Z" finished-at="2016-08-09T10:20:38Z">
          <reporter-output>
          </reporter-output>
        </test-method> <!-- importantDetailsTest -->
        <test-method status="SKIP" signature="afterMethod()[pri:0, instance:home_page_features.ImportantDetails@549cd641]" name="afterMethod" is-config="true" duration-ms="0" started-at="2016-08-09T10:20:38Z" finished-at="2016-08-09T10:20:38Z">
          <reporter-output>
          </reporter-output>
        </test-method> <!-- afterMethod -->
        <test-method status="SKIP" signature="beforeMethod()[pri:0, instance:home_page_features.ImportantDetails@549cd641]" name="beforeMethod" is-config="true" duration-ms="0" started-at="2016-08-09T10:20:38Z" finished-at="2016-08-09T10:20:38Z">
          <reporter-output>
          </reporter-output>
        </test-method> <!-- beforeMethod -->
      </class> <!-- home_page_features.ImportantDetails -->
    </test> <!-- HomePageTests -->
    <test name="Regression" duration-ms="17328" started-at="2016-08-09T09:20:39Z" finished-at="2016-08-09T09:20:56Z">
      <class name="post_mal_features.DeletePost">
        <test-method status="SKIP" signature="beforeMethod()[pri:0, instance:post_mal_features.DeletePost@37fe883b]" name="beforeMethod" is-config="true" duration-ms="0" started-at="2016-08-09T10:20:56Z" finished-at="2016-08-09T10:20:56Z">
          <reporter-output>
          </reporter-output>
        </test-method> <!-- beforeMethod -->
        <test-method status="SKIP" signature="afterMethod()[pri:0, instance:post_mal_features.DeletePost@37fe883b]" name="afterMethod" is-config="true" duration-ms="0" started-at="2016-08-09T10:20:56Z" finished-at="2016-08-09T10:20:56Z">
          <reporter-output>
          </reporter-output>
        </test-method> <!-- afterMethod -->
        <test-method status="SKIP" signature="deletepost()[pri:0, instance:post_mal_features.DeletePost@37fe883b]" name="deletepost" duration-ms="0" started-at="2016-08-09T10:20:56Z" finished-at="2016-08-09T10:20:56Z">
          <reporter-output>
          </reporter-output>
        </test-method> <!-- deletepost -->
      </class> <!-- post_mal_features.DeletePost -->
      <class name="post_mal_features.AddPost">
        <test-method status="FAIL" signature="beforeMethod()[pri:0, instance:post_mal_features.AddPost@6d3f1f92]" name="beforeMethod" is-config="true" duration-ms="0" started-at="2016-08-09T10:20:39Z" finished-at="2016-08-09T10:20:39Z">
          <exception class="org.openqa.selenium.remote.UnreachableBrowserException">
            <message>
              <![CDATA[Error communicating with the remote browser. It may have died.
Build info: version: '2.53.0', revision: '35ae25b', time: '2016-03-15 17:00:58'
System info: host: 'krys', ip: '127.0.1.1', os.name: 'Linux', os.arch: 'amd64', os.version: '4.2.0-42-generic', java.version: '1.7.0_101'
Driver info: driver.version: RemoteWebDriver
Session ID: 50ada58e-cb59-4d63-a781-752a60b47e95
Capabilities [{platform=LINUX, acceptSslCerts=true, javascriptEnabled=true, cssSelectorsEnabled=true, databaseEnabled=true, browserName=firefox, handlesAlerts=true, nativeEvents=false, webStorageEnabled=true, rotatable=false, locationContextEnabled=true, applicationCacheEnabled=true, takesScreenshot=true, version=47.0}]]]>
            </message>
            <full-stacktrace>
              <![CDATA[org.openqa.selenium.remote.UnreachableBrowserException: Error communicating with the remote browser. It may have died.
Build info: version: '2.53.0', revision: '35ae25b', time: '2016-03-15 17:00:58'
System info: host: 'krys', ip: '127.0.1.1', os.name: 'Linux', os.arch: 'amd64', os.version: '4.2.0-42-generic', java.version: '1.7.0_101'
Driver info: driver.version: RemoteWebDriver
Session ID: 50ada58e-cb59-4d63-a781-752a60b47e95
Capabilities [{platform=LINUX, acceptSslCerts=true, javascriptEnabled=true, cssSelectorsEnabled=true, databaseEnabled=true, browserName=firefox, handlesAlerts=true, nativeEvents=false, webStorageEnabled=true, rotatable=false, locationContextEnabled=true, applicationCacheEnabled=true, takesScreenshot=true, version=47.0}]
	at org.openqa.selenium.remote.RemoteWebDriver.execute(RemoteWebDriver.java:665)
	at org.openqa.selenium.remote.RemoteWebDriver.get(RemoteWebDriver.java:316)
	at common.DataProviderCommonCode.beforeMethod(DataProviderCommonCode.java:27)
	at sun.reflect.NativeMethodAccessorImpl.invoke0(Native Method)
	at sun.reflect.NativeMethodAccessorImpl.invoke(NativeMethodAccessorImpl.java:57)
	at sun.reflect.DelegatingMethodAccessorImpl.invoke(DelegatingMethodAccessorImpl.java:43)
	at java.lang.reflect.Method.invoke(Method.java:606)
	at org.testng.internal.MethodInvocationHelper.invokeMethod(MethodInvocationHelper.java:86)
	at org.testng.internal.Invoker.invokeConfigurationMethod(Invoker.java:515)
	at org.testng.internal.Invoker.invokeConfigurations(Invoker.java:216)
	at org.testng.internal.Invoker.invokeMethod(Invoker.java:590)
	at org.testng.internal.Invoker.invokeTestMethod(Invoker.java:823)
	at org.testng.internal.Invoker.invokeTestMethods(Invoker.java:1131)
	at org.testng.internal.TestMethodWorker.invokeTestMethods(TestMethodWorker.java:129)
	at org.testng.internal.TestMethodWorker.run(TestMethodWorker.java:112)
	at org.testng.TestRunner.privateRun(TestRunner.java:778)
	at org.testng.TestRunner.run(TestRunner.java:632)
	at org.testng.SuiteRunner.runTest(SuiteRunner.java:366)
	at org.testng.SuiteRunner.runSequentially(SuiteRunner.java:361)
	at org.testng.SuiteRunner.privateRun(SuiteRunner.java:319)
	at org.testng.SuiteRunner.run(SuiteRunner.java:268)
	at org.testng.SuiteRunnerWorker.runSuite(SuiteRunnerWorker.java:52)
	at org.testng.SuiteRunnerWorker.run(SuiteRunnerWorker.java:86)
	at org.testng.TestNG.runSuitesSequentially(TestNG.java:1225)
	at org.testng.TestNG.runSuitesLocally(TestNG.java:1150)
	at org.testng.TestNG.runSuites(TestNG.java:1075)
	at org.testng.TestNG.run(TestNG.java:1047)
	at utilities.Main.main(Main.java:21)
Caused by: org.apache.http.conn.HttpHostConnectException: Connect to 127.0.0.1:7056 [/127.0.0.1] failed: Connection refused
	at org.apache.http.impl.conn.DefaultHttpClientConnectionOperator.connect(DefaultHttpClientConnectionOperator.java:151)
	at org.apache.http.impl.conn.PoolingHttpClientConnectionManager.connect(PoolingHttpClientConnectionManager.java:353)
	at org.apache.http.impl.execchain.MainClientExec.establishRoute(MainClientExec.java:380)
	at org.apache.http.impl.execchain.MainClientExec.execute(MainClientExec.java:236)
	at org.apache.http.impl.execchain.ProtocolExec.execute(ProtocolExec.java:184)
	at org.apache.http.impl.execchain.RetryExec.execute(RetryExec.java:88)
	at org.apache.http.impl.execchain.RedirectExec.execute(RedirectExec.java:110)
	at org.apache.http.impl.client.InternalHttpClient.doExecute(InternalHttpClient.java:184)
	at org.apache.http.impl.client.CloseableHttpClient.execute(CloseableHttpClient.java:71)
	at org.apache.http.impl.client.CloseableHttpClient.execute(CloseableHttpClient.java:55)
	at org.openqa.selenium.remote.internal.ApacheHttpClient.fallBackExecute(ApacheHttpClient.java:162)
	at org.openqa.selenium.remote.internal.ApacheHttpClient.execute(ApacheHttpClient.java:90)
	at org.openqa.selenium.remote.HttpCommandExecutor.execute(HttpCommandExecutor.java:142)
	at org.openqa.selenium.firefox.internal.NewProfileExtensionConnection.execute(NewProfileExtensionConnection.java:160)
	at org.openqa.selenium.firefox.FirefoxDriver$LazyCommandExecutor.execute(FirefoxDriver.java:380)
	at org.openqa.selenium.remote.RemoteWebDriver.execute(RemoteWebDriver.java:644)
	... 27 more
Caused by: java.net.ConnectException: Connection refused
	at java.net.PlainSocketImpl.socketConnect(Native Method)
	at java.net.AbstractPlainSocketImpl.doConnect(AbstractPlainSocketImpl.java:339)
	at java.net.AbstractPlainSocketImpl.connectToAddress(AbstractPlainSocketImpl.java:200)
	at java.net.AbstractPlainSocketImpl.connect(AbstractPlainSocketImpl.java:182)
	at java.net.SocksSocketImpl.connect(SocksSocketImpl.java:392)
	at java.net.Socket.connect(Socket.java:579)
	at org.apache.http.conn.socket.PlainConnectionSocketFactory.connectSocket(PlainConnectionSocketFactory.java:74)
	at org.apache.http.impl.conn.DefaultHttpClientConnectionOperator.connect(DefaultHttpClientConnectionOperator.java:134)
	... 42 more
]]>
            </full-stacktrace>
          </exception> <!-- org.openqa.selenium.remote.UnreachableBrowserException -->
          <reporter-output>
          </reporter-output>
        </test-method> <!-- beforeMethod -->
        <test-method status="SKIP" signature="addpostTest(java.lang.String, java.lang.String)[pri:0, instance:post_mal_features.AddPost@6d3f1f92]" name="addpostTest" duration-ms="0" started-at="2016-08-09T10:20:56Z" data-provider="post" finished-at="2016-08-09T10:20:56Z">
          <params>
            <param index="0">
              <value>
                <![CDATA[The Title]]>
              </value>
            </param>
            <param index="1">
              <value>
                <![CDATA[Description of post]]>
              </value>
            </param>
          </params>
          <reporter-output>
          </reporter-output>
        </test-method> <!-- addpostTest -->
        <test-method status="SKIP" signature="addpostTest(java.lang.String, java.lang.String)[pri:0, instance:post_mal_features.AddPost@6d3f1f92]" name="addpostTest" duration-ms="0" started-at="2016-08-09T10:20:56Z" data-provider="post" finished-at="2016-08-09T10:20:56Z">
          <params>
            <param index="0">
              <value>
                <![CDATA[Peace Corps]]>
              </value>
            </param>
            <param index="1">
              <value>
                <![CDATA[New peace corps post]]>
              </value>
            </param>
          </params>
          <reporter-output>
          </reporter-output>
        </test-method> <!-- addpostTest -->
        <test-method status="SKIP" signature="beforeMethod()[pri:0, instance:post_mal_features.AddPost@6d3f1f92]" name="beforeMethod" is-config="true" duration-ms="0" started-at="2016-08-09T10:20:56Z" finished-at="2016-08-09T10:20:56Z">
          <reporter-output>
          </reporter-output>
        </test-method> <!-- beforeMethod -->
        <test-method status="SKIP" signature="afterMethod()[pri:0, instance:post_mal_features.AddPost@6d3f1f92]" name="afterMethod" is-config="true" duration-ms="0" started-at="2016-08-09T10:20:56Z" finished-at="2016-08-09T10:20:56Z">
          <reporter-output>
          </reporter-output>
        </test-method> <!-- afterMethod -->
        <test-method status="SKIP" signature="addpostTest(java.lang.String, java.lang.String)[pri:0, instance:post_mal_features.AddPost@6d3f1f92]" name="addpostTest" duration-ms="0" started-at="2016-08-09T10:20:56Z" data-provider="post" finished-at="2016-08-09T10:20:56Z">
          <params>
            <param index="0">
              <value>
                <![CDATA[Testing]]>
              </value>
            </param>
            <param index="1">
              <value>
                <![CDATA[]]>
              </value>
            </param>
          </params>
          <reporter-output>
          </reporter-output>
        </test-method> <!-- addpostTest -->
        <test-method status="SKIP" signature="beforeMethod()[pri:0, instance:post_mal_features.AddPost@6d3f1f92]" name="beforeMethod" is-config="true" duration-ms="0" started-at="2016-08-09T10:20:56Z" finished-at="2016-08-09T10:20:56Z">
          <reporter-output>
          </reporter-output>
        </test-method> <!-- beforeMethod -->
        <test-method status="SKIP" signature="afterMethod()[pri:0, instance:post_mal_features.AddPost@6d3f1f92]" name="afterMethod" is-config="true" duration-ms="0" started-at="2016-08-09T10:20:56Z" finished-at="2016-08-09T10:20:56Z">
          <reporter-output>
          </reporter-output>
        </test-method> <!-- afterMethod -->
        <test-method status="SKIP" signature="afterMethod()[pri:0, instance:post_mal_features.AddPost@6d3f1f92]" name="afterMethod" is-config="true" duration-ms="0" started-at="2016-08-09T10:20:56Z" finished-at="2016-08-09T10:20:56Z">
          <reporter-output>
          </reporter-output>
        </test-method> <!-- afterMethod -->
        <test-method status="SKIP" signature="beforeMethod()[pri:0, instance:post_mal_features.AddPost@6d3f1f92]" name="beforeMethod" is-config="true" duration-ms="0" started-at="2016-08-09T10:20:56Z" finished-at="2016-08-09T10:20:56Z">
          <reporter-output>
          </reporter-output>
        </test-method> <!-- beforeMethod -->
        <test-method status="SKIP" signature="addpostTest(java.lang.String, java.lang.String)[pri:0, instance:post_mal_features.AddPost@6d3f1f92]" name="addpostTest" duration-ms="0" started-at="2016-08-09T10:20:56Z" data-provider="post" finished-at="2016-08-09T10:20:56Z">
          <params>
            <param index="0">
              <value>
                <![CDATA[@;':]]>
              </value>
            </param>
            <param index="1">
              <value>
                <![CDATA[Characters;]]>
              </value>
            </param>
          </params>
          <reporter-output>
          </reporter-output>
        </test-method> <!-- addpostTest -->
        <test-method status="SKIP" signature="afterMethod()[pri:0, instance:post_mal_features.AddPost@6d3f1f92]" name="afterMethod" is-config="true" duration-ms="0" started-at="2016-08-09T10:20:56Z" finished-at="2016-08-09T10:20:56Z">
          <reporter-output>
          </reporter-output>
        </test-method> <!-- afterMethod -->
      </class> <!-- post_mal_features.AddPost -->
      <class name="post_mal_features.ViewPost">
        <test-method status="SKIP" signature="afterMethod()[pri:0, instance:post_mal_features.ViewPost@7a2b25e6]" name="afterMethod" is-config="true" duration-ms="0" started-at="2016-08-09T10:20:56Z" finished-at="2016-08-09T10:20:56Z">
          <reporter-output>
          </reporter-output>
        </test-method> <!-- afterMethod -->
        <test-method status="SKIP" signature="beforeMethod()[pri:0, instance:post_mal_features.ViewPost@7a2b25e6]" name="beforeMethod" is-config="true" duration-ms="0" started-at="2016-08-09T10:20:56Z" finished-at="2016-08-09T10:20:56Z">
          <reporter-output>
          </reporter-output>
        </test-method> <!-- beforeMethod -->
        <test-method status="SKIP" signature="viewpost()[pri:0, instance:post_mal_features.ViewPost@7a2b25e6]" name="viewpost" duration-ms="0" started-at="2016-08-09T10:20:56Z" finished-at="2016-08-09T10:20:56Z">
          <reporter-output>
          </reporter-output>
        </test-method> <!-- viewpost -->
      </class> <!-- post_mal_features.ViewPost -->
      <class name="post_mal_features.CancelAddPost">
        <test-method status="SKIP" signature="beforeMethod()[pri:0, instance:post_mal_features.CancelAddPost@4b31e246]" name="beforeMethod" is-config="true" duration-ms="0" started-at="2016-08-09T10:20:56Z" finished-at="2016-08-09T10:20:56Z">
          <reporter-output>
          </reporter-output>
        </test-method> <!-- beforeMethod -->
        <test-method status="SKIP" signature="canceladdpost()[pri:0, instance:post_mal_features.CancelAddPost@4b31e246]" name="canceladdpost" duration-ms="0" started-at="2016-08-09T10:20:56Z" finished-at="2016-08-09T10:20:56Z">
          <reporter-output>
          </reporter-output>
        </test-method> <!-- canceladdpost -->
        <test-method status="SKIP" signature="afterMethod()[pri:0, instance:post_mal_features.CancelAddPost@4b31e246]" name="afterMethod" is-config="true" duration-ms="0" started-at="2016-08-09T10:20:56Z" finished-at="2016-08-09T10:20:56Z">
          <reporter-output>
          </reporter-output>
        </test-method> <!-- afterMethod -->
      </class> <!-- post_mal_features.CancelAddPost -->
      <class name="post_mal_features.EditPost">
        <test-method status="SKIP" signature="beforeMethod()[pri:0, instance:post_mal_features.EditPost@27a1f635]" name="beforeMethod" is-config="true" duration-ms="0" started-at="2016-08-09T10:20:56Z" finished-at="2016-08-09T10:20:56Z">
          <reporter-output>
          </reporter-output>
        </test-method> <!-- beforeMethod -->
        <test-method status="SKIP" signature="afterMethod()[pri:0, instance:post_mal_features.EditPost@27a1f635]" name="afterMethod" is-config="true" duration-ms="0" started-at="2016-08-09T10:20:56Z" finished-at="2016-08-09T10:20:56Z">
          <reporter-output>
          </reporter-output>
        </test-method> <!-- afterMethod -->
        <test-method status="SKIP" signature="editpost(java.lang.String, java.lang.String)[pri:0, instance:post_mal_features.EditPost@27a1f635]" name="editpost" duration-ms="0" started-at="2016-08-09T10:20:56Z" data-provider="editPost" finished-at="2016-08-09T10:20:56Z">
          <params>
            <param index="0">
              <value>
                <![CDATA[The Title]]>
              </value>
            </param>
            <param index="1">
              <value>
                <![CDATA[Description of post]]>
              </value>
            </param>
          </params>
          <reporter-output>
          </reporter-output>
        </test-method> <!-- editpost -->
        <test-method status="SKIP" signature="afterMethod()[pri:0, instance:post_mal_features.EditPost@27a1f635]" name="afterMethod" is-config="true" duration-ms="0" started-at="2016-08-09T10:20:56Z" finished-at="2016-08-09T10:20:56Z">
          <reporter-output>
          </reporter-output>
        </test-method> <!-- afterMethod -->
        <test-method status="SKIP" signature="beforeMethod()[pri:0, instance:post_mal_features.EditPost@27a1f635]" name="beforeMethod" is-config="true" duration-ms="0" started-at="2016-08-09T10:20:56Z" finished-at="2016-08-09T10:20:56Z">
          <reporter-output>
          </reporter-output>
        </test-method> <!-- beforeMethod -->
        <test-method status="SKIP" signature="editpost(java.lang.String, java.lang.String)[pri:0, instance:post_mal_features.EditPost@27a1f635]" name="editpost" duration-ms="0" started-at="2016-08-09T10:20:56Z" data-provider="editPost" finished-at="2016-08-09T10:20:56Z">
          <params>
            <param index="0">
              <value>
                <![CDATA[Peace Corps]]>
              </value>
            </param>
            <param index="1">
              <value>
                <![CDATA[New peace corps post]]>
              </value>
            </param>
          </params>
          <reporter-output>
          </reporter-output>
        </test-method> <!-- editpost -->
        <test-method status="SKIP" signature="beforeMethod()[pri:0, instance:post_mal_features.EditPost@27a1f635]" name="beforeMethod" is-config="true" duration-ms="0" started-at="2016-08-09T10:20:56Z" finished-at="2016-08-09T10:20:56Z">
          <reporter-output>
          </reporter-output>
        </test-method> <!-- beforeMethod -->
        <test-method status="SKIP" signature="afterMethod()[pri:0, instance:post_mal_features.EditPost@27a1f635]" name="afterMethod" is-config="true" duration-ms="0" started-at="2016-08-09T10:20:56Z" finished-at="2016-08-09T10:20:56Z">
          <reporter-output>
          </reporter-output>
        </test-method> <!-- afterMethod -->
        <test-method status="SKIP" signature="editpost(java.lang.String, java.lang.String)[pri:0, instance:post_mal_features.EditPost@27a1f635]" name="editpost" duration-ms="1" started-at="2016-08-09T10:20:56Z" data-provider="editPost" finished-at="2016-08-09T10:20:56Z">
          <params>
            <param index="0">
              <value>
                <![CDATA[@;':]]>
              </value>
            </param>
            <param index="1">
              <value>
                <![CDATA[Characters;]]>
              </value>
            </param>
          </params>
          <reporter-output>
          </reporter-output>
        </test-method> <!-- editpost -->
        <test-method status="SKIP" signature="beforeMethod()[pri:0, instance:post_mal_features.EditPost@27a1f635]" name="beforeMethod" is-config="true" duration-ms="0" started-at="2016-08-09T10:20:56Z" finished-at="2016-08-09T10:20:56Z">
          <reporter-output>
          </reporter-output>
        </test-method> <!-- beforeMethod -->
        <test-method status="SKIP" signature="editpost(java.lang.String, java.lang.String)[pri:0, instance:post_mal_features.EditPost@27a1f635]" name="editpost" duration-ms="0" started-at="2016-08-09T10:20:56Z" data-provider="editPost" finished-at="2016-08-09T10:20:56Z">
          <params>
            <param index="0">
              <value>
                <![CDATA[Testing]]>
              </value>
            </param>
            <param index="1">
              <value>
                <![CDATA[]]>
              </value>
            </param>
          </params>
          <reporter-output>
          </reporter-output>
        </test-method> <!-- editpost -->
        <test-method status="SKIP" signature="afterMethod()[pri:0, instance:post_mal_features.EditPost@27a1f635]" name="afterMethod" is-config="true" duration-ms="0" started-at="2016-08-09T10:20:56Z" finished-at="2016-08-09T10:20:56Z">
          <reporter-output>
          </reporter-output>
        </test-method> <!-- afterMethod -->
      </class> <!-- post_mal_features.EditPost -->
    </test> <!-- Regression -->
    <test name="Regression2" duration-ms="10814" started-at="2016-08-09T09:20:56Z" finished-at="2016-08-09T09:21:07Z">
      <class name="post_pcsa_features.ViewPost">
        <test-method status="SKIP" signature="beforeMethod()[pri:0, instance:post_pcsa_features.ViewPost@663ffd14]" name="beforeMethod" is-config="true" duration-ms="0" started-at="2016-08-09T10:21:07Z" finished-at="2016-08-09T10:21:07Z">
          <reporter-output>
          </reporter-output>
        </test-method> <!-- beforeMethod -->
        <test-method status="SKIP" signature="viewpost()[pri:0, instance:post_pcsa_features.ViewPost@663ffd14]" name="viewpost" duration-ms="0" started-at="2016-08-09T10:21:07Z" finished-at="2016-08-09T10:21:07Z">
          <reporter-output>
          </reporter-output>
        </test-method> <!-- viewpost -->
        <test-method status="SKIP" signature="afterMethod()[pri:0, instance:post_pcsa_features.ViewPost@663ffd14]" name="afterMethod" is-config="true" duration-ms="0" started-at="2016-08-09T10:21:07Z" finished-at="2016-08-09T10:21:07Z">
          <reporter-output>
          </reporter-output>
        </test-method> <!-- afterMethod -->
      </class> <!-- post_pcsa_features.ViewPost -->
      <class name="post_pcsa_features.EditPost">
        <test-method status="SKIP" signature="beforeMethod()[pri:0, instance:post_pcsa_features.EditPost@5cc47680]" name="beforeMethod" is-config="true" duration-ms="0" started-at="2016-08-09T10:21:07Z" finished-at="2016-08-09T10:21:07Z">
          <reporter-output>
          </reporter-output>
        </test-method> <!-- beforeMethod -->
        <test-method status="SKIP" signature="afterMethod()[pri:0, instance:post_pcsa_features.EditPost@5cc47680]" name="afterMethod" is-config="true" duration-ms="0" started-at="2016-08-09T10:21:07Z" finished-at="2016-08-09T10:21:07Z">
          <reporter-output>
          </reporter-output>
        </test-method> <!-- afterMethod -->
        <test-method status="SKIP" signature="editpost(java.lang.String, java.lang.String)[pri:0, instance:post_pcsa_features.EditPost@5cc47680]" name="editpost" duration-ms="0" started-at="2016-08-09T10:21:07Z" data-provider="editPost" finished-at="2016-08-09T10:21:07Z">
          <params>
            <param index="0">
              <value>
                <![CDATA[The Title]]>
              </value>
            </param>
            <param index="1">
              <value>
                <![CDATA[Description of post]]>
              </value>
            </param>
          </params>
          <reporter-output>
          </reporter-output>
        </test-method> <!-- editpost -->
        <test-method status="SKIP" signature="beforeMethod()[pri:0, instance:post_pcsa_features.EditPost@5cc47680]" name="beforeMethod" is-config="true" duration-ms="0" started-at="2016-08-09T10:21:07Z" finished-at="2016-08-09T10:21:07Z">
          <reporter-output>
          </reporter-output>
        </test-method> <!-- beforeMethod -->
        <test-method status="SKIP" signature="editpost(java.lang.String, java.lang.String)[pri:0, instance:post_pcsa_features.EditPost@5cc47680]" name="editpost" duration-ms="0" started-at="2016-08-09T10:21:07Z" data-provider="editPost" finished-at="2016-08-09T10:21:07Z">
          <params>
            <param index="0">
              <value>
                <![CDATA[Peace Corps]]>
              </value>
            </param>
            <param index="1">
              <value>
                <![CDATA[New peace corps post]]>
              </value>
            </param>
          </params>
          <reporter-output>
          </reporter-output>
        </test-method> <!-- editpost -->
        <test-method status="SKIP" signature="afterMethod()[pri:0, instance:post_pcsa_features.EditPost@5cc47680]" name="afterMethod" is-config="true" duration-ms="0" started-at="2016-08-09T10:21:07Z" finished-at="2016-08-09T10:21:07Z">
          <reporter-output>
          </reporter-output>
        </test-method> <!-- afterMethod -->
        <test-method status="SKIP" signature="beforeMethod()[pri:0, instance:post_pcsa_features.EditPost@5cc47680]" name="beforeMethod" is-config="true" duration-ms="0" started-at="2016-08-09T10:21:07Z" finished-at="2016-08-09T10:21:07Z">
          <reporter-output>
          </reporter-output>
        </test-method> <!-- beforeMethod -->
        <test-method status="SKIP" signature="editpost(java.lang.String, java.lang.String)[pri:0, instance:post_pcsa_features.EditPost@5cc47680]" name="editpost" duration-ms="0" started-at="2016-08-09T10:21:07Z" data-provider="editPost" finished-at="2016-08-09T10:21:07Z">
          <params>
            <param index="0">
              <value>
                <![CDATA[Testing]]>
              </value>
            </param>
            <param index="1">
              <value>
                <![CDATA[]]>
              </value>
            </param>
          </params>
          <reporter-output>
          </reporter-output>
        </test-method> <!-- editpost -->
        <test-method status="SKIP" signature="afterMethod()[pri:0, instance:post_pcsa_features.EditPost@5cc47680]" name="afterMethod" is-config="true" duration-ms="0" started-at="2016-08-09T10:21:07Z" finished-at="2016-08-09T10:21:07Z">
          <reporter-output>
          </reporter-output>
        </test-method> <!-- afterMethod -->
        <test-method status="SKIP" signature="editpost(java.lang.String, java.lang.String)[pri:0, instance:post_pcsa_features.EditPost@5cc47680]" name="editpost" duration-ms="0" started-at="2016-08-09T10:21:07Z" data-provider="editPost" finished-at="2016-08-09T10:21:07Z">
          <params>
            <param index="0">
              <value>
                <![CDATA[@;':]]>
              </value>
            </param>
            <param index="1">
              <value>
                <![CDATA[Characters;]]>
              </value>
            </param>
          </params>
          <reporter-output>
          </reporter-output>
        </test-method> <!-- editpost -->
        <test-method status="SKIP" signature="beforeMethod()[pri:0, instance:post_pcsa_features.EditPost@5cc47680]" name="beforeMethod" is-config="true" duration-ms="0" started-at="2016-08-09T10:21:07Z" finished-at="2016-08-09T10:21:07Z">
          <reporter-output>
          </reporter-output>
        </test-method> <!-- beforeMethod -->
        <test-method status="SKIP" signature="afterMethod()[pri:0, instance:post_pcsa_features.EditPost@5cc47680]" name="afterMethod" is-config="true" duration-ms="0" started-at="2016-08-09T10:21:07Z" finished-at="2016-08-09T10:21:07Z">
          <reporter-output>
          </reporter-output>
        </test-method> <!-- afterMethod -->
      </class> <!-- post_pcsa_features.EditPost -->
      <class name="post_pcsa_features.DeletePost">
        <test-method status="SKIP" signature="beforeMethod()[pri:0, instance:post_pcsa_features.DeletePost@3e557638]" name="beforeMethod" is-config="true" duration-ms="0" started-at="2016-08-09T10:21:07Z" finished-at="2016-08-09T10:21:07Z">
          <reporter-output>
          </reporter-output>
        </test-method> <!-- beforeMethod -->
        <test-method status="SKIP" signature="deletepost()[pri:0, instance:post_pcsa_features.DeletePost@3e557638]" name="deletepost" duration-ms="0" started-at="2016-08-09T10:21:07Z" finished-at="2016-08-09T10:21:07Z">
          <reporter-output>
          </reporter-output>
        </test-method> <!-- deletepost -->
        <test-method status="SKIP" signature="afterMethod()[pri:0, instance:post_pcsa_features.DeletePost@3e557638]" name="afterMethod" is-config="true" duration-ms="0" started-at="2016-08-09T10:21:07Z" finished-at="2016-08-09T10:21:07Z">
          <reporter-output>
          </reporter-output>
        </test-method> <!-- afterMethod -->
      </class> <!-- post_pcsa_features.DeletePost -->
      <class name="post_pcsa_features.AddPost">
        <test-method status="FAIL" signature="beforeMethod()[pri:0, instance:post_pcsa_features.AddPost@1ebd2621]" name="beforeMethod" is-config="true" duration-ms="0" started-at="2016-08-09T10:20:56Z" finished-at="2016-08-09T10:20:56Z">
          <exception class="org.openqa.selenium.remote.UnreachableBrowserException">
            <message>
              <![CDATA[Error communicating with the remote browser. It may have died.
Build info: version: '2.53.0', revision: '35ae25b', time: '2016-03-15 17:00:58'
System info: host: 'krys', ip: '127.0.1.1', os.name: 'Linux', os.arch: 'amd64', os.version: '4.2.0-42-generic', java.version: '1.7.0_101'
Driver info: driver.version: RemoteWebDriver
Session ID: 21fb8d4b-793d-4610-b772-be9199e6cb63
Capabilities [{platform=LINUX, acceptSslCerts=true, javascriptEnabled=true, cssSelectorsEnabled=true, databaseEnabled=true, browserName=firefox, handlesAlerts=true, nativeEvents=false, webStorageEnabled=true, rotatable=false, locationContextEnabled=true, applicationCacheEnabled=true, takesScreenshot=true, version=47.0}]]]>
            </message>
            <full-stacktrace>
              <![CDATA[org.openqa.selenium.remote.UnreachableBrowserException: Error communicating with the remote browser. It may have died.
Build info: version: '2.53.0', revision: '35ae25b', time: '2016-03-15 17:00:58'
System info: host: 'krys', ip: '127.0.1.1', os.name: 'Linux', os.arch: 'amd64', os.version: '4.2.0-42-generic', java.version: '1.7.0_101'
Driver info: driver.version: RemoteWebDriver
Session ID: 21fb8d4b-793d-4610-b772-be9199e6cb63
Capabilities [{platform=LINUX, acceptSslCerts=true, javascriptEnabled=true, cssSelectorsEnabled=true, databaseEnabled=true, browserName=firefox, handlesAlerts=true, nativeEvents=false, webStorageEnabled=true, rotatable=false, locationContextEnabled=true, applicationCacheEnabled=true, takesScreenshot=true, version=47.0}]
	at org.openqa.selenium.remote.RemoteWebDriver.execute(RemoteWebDriver.java:665)
	at org.openqa.selenium.remote.RemoteWebDriver.get(RemoteWebDriver.java:316)
	at common.DataProviderCommonCode.beforeMethod(DataProviderCommonCode.java:27)
	at sun.reflect.NativeMethodAccessorImpl.invoke0(Native Method)
	at sun.reflect.NativeMethodAccessorImpl.invoke(NativeMethodAccessorImpl.java:57)
	at sun.reflect.DelegatingMethodAccessorImpl.invoke(DelegatingMethodAccessorImpl.java:43)
	at java.lang.reflect.Method.invoke(Method.java:606)
	at org.testng.internal.MethodInvocationHelper.invokeMethod(MethodInvocationHelper.java:86)
	at org.testng.internal.Invoker.invokeConfigurationMethod(Invoker.java:515)
	at org.testng.internal.Invoker.invokeConfigurations(Invoker.java:216)
	at org.testng.internal.Invoker.invokeMethod(Invoker.java:590)
	at org.testng.internal.Invoker.invokeTestMethod(Invoker.java:823)
	at org.testng.internal.Invoker.invokeTestMethods(Invoker.java:1131)
	at org.testng.internal.TestMethodWorker.invokeTestMethods(TestMethodWorker.java:129)
	at org.testng.internal.TestMethodWorker.run(TestMethodWorker.java:112)
	at org.testng.TestRunner.privateRun(TestRunner.java:778)
	at org.testng.TestRunner.run(TestRunner.java:632)
	at org.testng.SuiteRunner.runTest(SuiteRunner.java:366)
	at org.testng.SuiteRunner.runSequentially(SuiteRunner.java:361)
	at org.testng.SuiteRunner.privateRun(SuiteRunner.java:319)
	at org.testng.SuiteRunner.run(SuiteRunner.java:268)
	at org.testng.SuiteRunnerWorker.runSuite(SuiteRunnerWorker.java:52)
	at org.testng.SuiteRunnerWorker.run(SuiteRunnerWorker.java:86)
	at org.testng.TestNG.runSuitesSequentially(TestNG.java:1225)
	at org.testng.TestNG.runSuitesLocally(TestNG.java:1150)
	at org.testng.TestNG.runSuites(TestNG.java:1075)
	at org.testng.TestNG.run(TestNG.java:1047)
	at utilities.Main.main(Main.java:21)
Caused by: org.apache.http.conn.HttpHostConnectException: Connect to 127.0.0.1:7057 [/127.0.0.1] failed: Connection refused
	at org.apache.http.impl.conn.DefaultHttpClientConnectionOperator.connect(DefaultHttpClientConnectionOperator.java:151)
	at org.apache.http.impl.conn.PoolingHttpClientConnectionManager.connect(PoolingHttpClientConnectionManager.java:353)
	at org.apache.http.impl.execchain.MainClientExec.establishRoute(MainClientExec.java:380)
	at org.apache.http.impl.execchain.MainClientExec.execute(MainClientExec.java:236)
	at org.apache.http.impl.execchain.ProtocolExec.execute(ProtocolExec.java:184)
	at org.apache.http.impl.execchain.RetryExec.execute(RetryExec.java:88)
	at org.apache.http.impl.execchain.RedirectExec.execute(RedirectExec.java:110)
	at org.apache.http.impl.client.InternalHttpClient.doExecute(InternalHttpClient.java:184)
	at org.apache.http.impl.client.CloseableHttpClient.execute(CloseableHttpClient.java:71)
	at org.apache.http.impl.client.CloseableHttpClient.execute(CloseableHttpClient.java:55)
	at org.openqa.selenium.remote.internal.ApacheHttpClient.fallBackExecute(ApacheHttpClient.java:162)
	at org.openqa.selenium.remote.internal.ApacheHttpClient.execute(ApacheHttpClient.java:90)
	at org.openqa.selenium.remote.HttpCommandExecutor.execute(HttpCommandExecutor.java:142)
	at org.openqa.selenium.firefox.internal.NewProfileExtensionConnection.execute(NewProfileExtensionConnection.java:160)
	at org.openqa.selenium.firefox.FirefoxDriver$LazyCommandExecutor.execute(FirefoxDriver.java:380)
	at org.openqa.selenium.remote.RemoteWebDriver.execute(RemoteWebDriver.java:644)
	... 27 more
Caused by: java.net.ConnectException: Connection refused
	at java.net.PlainSocketImpl.socketConnect(Native Method)
	at java.net.AbstractPlainSocketImpl.doConnect(AbstractPlainSocketImpl.java:339)
	at java.net.AbstractPlainSocketImpl.connectToAddress(AbstractPlainSocketImpl.java:200)
	at java.net.AbstractPlainSocketImpl.connect(AbstractPlainSocketImpl.java:182)
	at java.net.SocksSocketImpl.connect(SocksSocketImpl.java:392)
	at java.net.Socket.connect(Socket.java:579)
	at org.apache.http.conn.socket.PlainConnectionSocketFactory.connectSocket(PlainConnectionSocketFactory.java:74)
	at org.apache.http.impl.conn.DefaultHttpClientConnectionOperator.connect(DefaultHttpClientConnectionOperator.java:134)
	... 42 more
]]>
            </full-stacktrace>
          </exception> <!-- org.openqa.selenium.remote.UnreachableBrowserException -->
          <reporter-output>
          </reporter-output>
        </test-method> <!-- beforeMethod -->
        <test-method status="SKIP" signature="addpostTest(java.lang.String, java.lang.String)[pri:0, instance:post_pcsa_features.AddPost@1ebd2621]" name="addpostTest" duration-ms="0" started-at="2016-08-09T10:21:07Z" data-provider="post" finished-at="2016-08-09T10:21:07Z">
          <params>
            <param index="0">
              <value>
                <![CDATA[The Title]]>
              </value>
            </param>
            <param index="1">
              <value>
                <![CDATA[Description of post]]>
              </value>
            </param>
          </params>
          <reporter-output>
          </reporter-output>
        </test-method> <!-- addpostTest -->
        <test-method status="SKIP" signature="afterMethod()[pri:0, instance:post_pcsa_features.AddPost@1ebd2621]" name="afterMethod" is-config="true" duration-ms="0" started-at="2016-08-09T10:21:07Z" finished-at="2016-08-09T10:21:07Z">
          <reporter-output>
          </reporter-output>
        </test-method> <!-- afterMethod -->
        <test-method status="SKIP" signature="beforeMethod()[pri:0, instance:post_pcsa_features.AddPost@1ebd2621]" name="beforeMethod" is-config="true" duration-ms="0" started-at="2016-08-09T10:21:07Z" finished-at="2016-08-09T10:21:07Z">
          <reporter-output>
          </reporter-output>
        </test-method> <!-- beforeMethod -->
        <test-method status="SKIP" signature="afterMethod()[pri:0, instance:post_pcsa_features.AddPost@1ebd2621]" name="afterMethod" is-config="true" duration-ms="0" started-at="2016-08-09T10:21:07Z" finished-at="2016-08-09T10:21:07Z">
          <reporter-output>
          </reporter-output>
        </test-method> <!-- afterMethod -->
        <test-method status="SKIP" signature="beforeMethod()[pri:0, instance:post_pcsa_features.AddPost@1ebd2621]" name="beforeMethod" is-config="true" duration-ms="0" started-at="2016-08-09T10:21:07Z" finished-at="2016-08-09T10:21:07Z">
          <reporter-output>
          </reporter-output>
        </test-method> <!-- beforeMethod -->
        <test-method status="SKIP" signature="addpostTest(java.lang.String, java.lang.String)[pri:0, instance:post_pcsa_features.AddPost@1ebd2621]" name="addpostTest" duration-ms="0" started-at="2016-08-09T10:21:07Z" data-provider="post" finished-at="2016-08-09T10:21:07Z">
          <params>
            <param index="0">
              <value>
                <![CDATA[Peace Corps]]>
              </value>
            </param>
            <param index="1">
              <value>
                <![CDATA[New peace corps post]]>
              </value>
            </param>
          </params>
          <reporter-output>
          </reporter-output>
        </test-method> <!-- addpostTest -->
        <test-method status="SKIP" signature="afterMethod()[pri:0, instance:post_pcsa_features.AddPost@1ebd2621]" name="afterMethod" is-config="true" duration-ms="0" started-at="2016-08-09T10:21:07Z" finished-at="2016-08-09T10:21:07Z">
          <reporter-output>
          </reporter-output>
        </test-method> <!-- afterMethod -->
        <test-method status="SKIP" signature="addpostTest(java.lang.String, java.lang.String)[pri:0, instance:post_pcsa_features.AddPost@1ebd2621]" name="addpostTest" duration-ms="0" started-at="2016-08-09T10:21:07Z" data-provider="post" finished-at="2016-08-09T10:21:07Z">
          <params>
            <param index="0">
              <value>
                <![CDATA[Testing]]>
              </value>
            </param>
            <param index="1">
              <value>
                <![CDATA[]]>
              </value>
            </param>
          </params>
          <reporter-output>
          </reporter-output>
        </test-method> <!-- addpostTest -->
        <test-method status="SKIP" signature="beforeMethod()[pri:0, instance:post_pcsa_features.AddPost@1ebd2621]" name="beforeMethod" is-config="true" duration-ms="0" started-at="2016-08-09T10:21:07Z" finished-at="2016-08-09T10:21:07Z">
          <reporter-output>
          </reporter-output>
        </test-method> <!-- beforeMethod -->
        <test-method status="SKIP" signature="addpostTest(java.lang.String, java.lang.String)[pri:0, instance:post_pcsa_features.AddPost@1ebd2621]" name="addpostTest" duration-ms="0" started-at="2016-08-09T10:21:07Z" data-provider="post" finished-at="2016-08-09T10:21:07Z">
          <params>
            <param index="0">
              <value>
                <![CDATA[@;':]]>
              </value>
            </param>
            <param index="1">
              <value>
                <![CDATA[Characters;]]>
              </value>
            </param>
          </params>
          <reporter-output>
          </reporter-output>
        </test-method> <!-- addpostTest -->
        <test-method status="SKIP" signature="afterMethod()[pri:0, instance:post_pcsa_features.AddPost@1ebd2621]" name="afterMethod" is-config="true" duration-ms="0" started-at="2016-08-09T10:21:07Z" finished-at="2016-08-09T10:21:07Z">
          <reporter-output>
          </reporter-output>
        </test-method> <!-- afterMethod -->
      </class> <!-- post_pcsa_features.AddPost -->
      <class name="post_pcsa_features.CancelAddPost">
        <test-method status="SKIP" signature="beforeMethod()[pri:0, instance:post_pcsa_features.CancelAddPost@1412504b]" name="beforeMethod" is-config="true" duration-ms="0" started-at="2016-08-09T10:21:07Z" finished-at="2016-08-09T10:21:07Z">
          <reporter-output>
          </reporter-output>
        </test-method> <!-- beforeMethod -->
        <test-method status="SKIP" signature="canceladdpost()[pri:0, instance:post_pcsa_features.CancelAddPost@1412504b]" name="canceladdpost" duration-ms="0" started-at="2016-08-09T10:21:07Z" finished-at="2016-08-09T10:21:07Z">
          <reporter-output>
          </reporter-output>
        </test-method> <!-- canceladdpost -->
        <test-method status="SKIP" signature="afterMethod()[pri:0, instance:post_pcsa_features.CancelAddPost@1412504b]" name="afterMethod" is-config="true" duration-ms="0" started-at="2016-08-09T10:21:07Z" finished-at="2016-08-09T10:21:07Z">
          <reporter-output>
          </reporter-output>
        </test-method> <!-- afterMethod -->
      </class> <!-- post_pcsa_features.CancelAddPost -->
    </test> <!-- Regression2 -->
    <test name="Database" duration-ms="0" started-at="2016-08-09T09:21:07Z" finished-at="2016-08-09T09:21:07Z">
    </test> <!-- Database -->
    <test name="ChangePass" duration-ms="10808" started-at="2016-08-09T09:21:07Z" finished-at="2016-08-09T09:21:18Z">
      <class name="home_page_features.ChangePassword">
        <test-method status="FAIL" signature="beforeMethod()[pri:0, instance:home_page_features.ChangePassword@4c419444]" name="beforeMethod" is-config="true" duration-ms="0" started-at="2016-08-09T10:21:07Z" finished-at="2016-08-09T10:21:07Z">
          <exception class="org.openqa.selenium.remote.UnreachableBrowserException">
            <message>
              <![CDATA[Error communicating with the remote browser. It may have died.
Build info: version: '2.53.0', revision: '35ae25b', time: '2016-03-15 17:00:58'
System info: host: 'krys', ip: '127.0.1.1', os.name: 'Linux', os.arch: 'amd64', os.version: '4.2.0-42-generic', java.version: '1.7.0_101'
Driver info: driver.version: RemoteWebDriver
Session ID: 832b9049-15ca-4ee3-bfcc-4cd07ace92fc
Capabilities [{platform=LINUX, acceptSslCerts=true, javascriptEnabled=true, cssSelectorsEnabled=true, databaseEnabled=true, browserName=firefox, handlesAlerts=true, nativeEvents=false, webStorageEnabled=true, rotatable=false, locationContextEnabled=true, applicationCacheEnabled=true, takesScreenshot=true, version=47.0}]]]>
            </message>
            <full-stacktrace>
              <![CDATA[org.openqa.selenium.remote.UnreachableBrowserException: Error communicating with the remote browser. It may have died.
Build info: version: '2.53.0', revision: '35ae25b', time: '2016-03-15 17:00:58'
System info: host: 'krys', ip: '127.0.1.1', os.name: 'Linux', os.arch: 'amd64', os.version: '4.2.0-42-generic', java.version: '1.7.0_101'
Driver info: driver.version: RemoteWebDriver
Session ID: 832b9049-15ca-4ee3-bfcc-4cd07ace92fc
Capabilities [{platform=LINUX, acceptSslCerts=true, javascriptEnabled=true, cssSelectorsEnabled=true, databaseEnabled=true, browserName=firefox, handlesAlerts=true, nativeEvents=false, webStorageEnabled=true, rotatable=false, locationContextEnabled=true, applicationCacheEnabled=true, takesScreenshot=true, version=47.0}]
	at org.openqa.selenium.remote.RemoteWebDriver.execute(RemoteWebDriver.java:665)
	at org.openqa.selenium.remote.RemoteWebDriver.get(RemoteWebDriver.java:316)
	at common.DataProviderCommonCode.beforeMethod(DataProviderCommonCode.java:27)
	at sun.reflect.NativeMethodAccessorImpl.invoke0(Native Method)
	at sun.reflect.NativeMethodAccessorImpl.invoke(NativeMethodAccessorImpl.java:57)
	at sun.reflect.DelegatingMethodAccessorImpl.invoke(DelegatingMethodAccessorImpl.java:43)
	at java.lang.reflect.Method.invoke(Method.java:606)
	at org.testng.internal.MethodInvocationHelper.invokeMethod(MethodInvocationHelper.java:86)
	at org.testng.internal.Invoker.invokeConfigurationMethod(Invoker.java:515)
	at org.testng.internal.Invoker.invokeConfigurations(Invoker.java:216)
	at org.testng.internal.Invoker.invokeMethod(Invoker.java:590)
	at org.testng.internal.Invoker.invokeTestMethod(Invoker.java:823)
	at org.testng.internal.Invoker.invokeTestMethods(Invoker.java:1131)
	at org.testng.internal.TestMethodWorker.invokeTestMethods(TestMethodWorker.java:129)
	at org.testng.internal.TestMethodWorker.run(TestMethodWorker.java:112)
	at org.testng.TestRunner.privateRun(TestRunner.java:778)
	at org.testng.TestRunner.run(TestRunner.java:632)
	at org.testng.SuiteRunner.runTest(SuiteRunner.java:366)
	at org.testng.SuiteRunner.runSequentially(SuiteRunner.java:361)
	at org.testng.SuiteRunner.privateRun(SuiteRunner.java:319)
	at org.testng.SuiteRunner.run(SuiteRunner.java:268)
	at org.testng.SuiteRunnerWorker.runSuite(SuiteRunnerWorker.java:52)
	at org.testng.SuiteRunnerWorker.run(SuiteRunnerWorker.java:86)
	at org.testng.TestNG.runSuitesSequentially(TestNG.java:1225)
	at org.testng.TestNG.runSuitesLocally(TestNG.java:1150)
	at org.testng.TestNG.runSuites(TestNG.java:1075)
	at org.testng.TestNG.run(TestNG.java:1047)
	at utilities.Main.main(Main.java:21)
Caused by: org.apache.http.conn.HttpHostConnectException: Connect to 127.0.0.1:7058 [/127.0.0.1] failed: Connection refused
	at org.apache.http.impl.conn.DefaultHttpClientConnectionOperator.connect(DefaultHttpClientConnectionOperator.java:151)
	at org.apache.http.impl.conn.PoolingHttpClientConnectionManager.connect(PoolingHttpClientConnectionManager.java:353)
	at org.apache.http.impl.execchain.MainClientExec.establishRoute(MainClientExec.java:380)
	at org.apache.http.impl.execchain.MainClientExec.execute(MainClientExec.java:236)
	at org.apache.http.impl.execchain.ProtocolExec.execute(ProtocolExec.java:184)
	at org.apache.http.impl.execchain.RetryExec.execute(RetryExec.java:88)
	at org.apache.http.impl.execchain.RedirectExec.execute(RedirectExec.java:110)
	at org.apache.http.impl.client.InternalHttpClient.doExecute(InternalHttpClient.java:184)
	at org.apache.http.impl.client.CloseableHttpClient.execute(CloseableHttpClient.java:71)
	at org.apache.http.impl.client.CloseableHttpClient.execute(CloseableHttpClient.java:55)
	at org.openqa.selenium.remote.internal.ApacheHttpClient.fallBackExecute(ApacheHttpClient.java:162)
	at org.openqa.selenium.remote.internal.ApacheHttpClient.execute(ApacheHttpClient.java:90)
	at org.openqa.selenium.remote.HttpCommandExecutor.execute(HttpCommandExecutor.java:142)
	at org.openqa.selenium.firefox.internal.NewProfileExtensionConnection.execute(NewProfileExtensionConnection.java:160)
	at org.openqa.selenium.firefox.FirefoxDriver$LazyCommandExecutor.execute(FirefoxDriver.java:380)
	at org.openqa.selenium.remote.RemoteWebDriver.execute(RemoteWebDriver.java:644)
	... 27 more
Caused by: java.net.ConnectException: Connection refused
	at java.net.PlainSocketImpl.socketConnect(Native Method)
	at java.net.AbstractPlainSocketImpl.doConnect(AbstractPlainSocketImpl.java:339)
	at java.net.AbstractPlainSocketImpl.connectToAddress(AbstractPlainSocketImpl.java:200)
	at java.net.AbstractPlainSocketImpl.connect(AbstractPlainSocketImpl.java:182)
	at java.net.SocksSocketImpl.connect(SocksSocketImpl.java:392)
	at java.net.Socket.connect(Socket.java:579)
	at org.apache.http.conn.socket.PlainConnectionSocketFactory.connectSocket(PlainConnectionSocketFactory.java:74)
	at org.apache.http.impl.conn.DefaultHttpClientConnectionOperator.connect(DefaultHttpClientConnectionOperator.java:134)
	... 42 more
]]>
            </full-stacktrace>
          </exception> <!-- org.openqa.selenium.remote.UnreachableBrowserException -->
          <reporter-output>
          </reporter-output>
        </test-method> <!-- beforeMethod -->
        <test-method status="SKIP" signature="changePassword(java.lang.String, java.lang.String, java.lang.String)[pri:0, instance:home_page_features.ChangePassword@4c419444]" name="changePassword" duration-ms="0" started-at="2016-08-09T10:21:18Z" data-provider="changePass" finished-at="2016-08-09T10:21:18Z">
          <params>
            <param index="0">
              <value>
                <![CDATA[mypassword]]>
              </value>
            </param>
            <param index="1">
              <value>
                <![CDATA[nopassword]]>
              </value>
            </param>
            <param index="2">
              <value>
                <![CDATA[nopassword]]>
              </value>
            </param>
          </params>
          <reporter-output>
          </reporter-output>
        </test-method> <!-- changePassword -->
        <test-method status="SKIP" signature="changePassword(java.lang.String, java.lang.String, java.lang.String)[pri:0, instance:home_page_features.ChangePassword@4c419444]" name="changePassword" duration-ms="0" started-at="2016-08-09T10:21:18Z" data-provider="changePass" finished-at="2016-08-09T10:21:18Z">
          <params>
            <param index="0">
              <value>
                <![CDATA[nopassword]]>
              </value>
            </param>
            <param index="1">
              <value>
                <![CDATA[mypassword]]>
              </value>
            </param>
            <param index="2">
              <value>
                <![CDATA[yespassword]]>
              </value>
            </param>
          </params>
          <reporter-output>
          </reporter-output>
        </test-method> <!-- changePassword -->
        <test-method status="SKIP" signature="beforeMethod()[pri:0, instance:home_page_features.ChangePassword@4c419444]" name="beforeMethod" is-config="true" duration-ms="0" started-at="2016-08-09T10:21:18Z" finished-at="2016-08-09T10:21:18Z">
          <reporter-output>
          </reporter-output>
        </test-method> <!-- beforeMethod -->
        <test-method status="SKIP" signature="afterMethod()[pri:0, instance:home_page_features.ChangePassword@4c419444]" name="afterMethod" is-config="true" duration-ms="0" started-at="2016-08-09T10:21:18Z" finished-at="2016-08-09T10:21:18Z">
          <reporter-output>
          </reporter-output>
        </test-method> <!-- afterMethod -->
        <test-method status="SKIP" signature="beforeMethod()[pri:0, instance:home_page_features.ChangePassword@4c419444]" name="beforeMethod" is-config="true" duration-ms="0" started-at="2016-08-09T10:21:18Z" finished-at="2016-08-09T10:21:18Z">
          <reporter-output>
          </reporter-output>
        </test-method> <!-- beforeMethod -->
        <test-method status="SKIP" signature="afterMethod()[pri:0, instance:home_page_features.ChangePassword@4c419444]" name="afterMethod" is-config="true" duration-ms="0" started-at="2016-08-09T10:21:18Z" finished-at="2016-08-09T10:21:18Z">
          <reporter-output>
          </reporter-output>
        </test-method> <!-- afterMethod -->
        <test-method status="SKIP" signature="afterMethod()[pri:0, instance:home_page_features.ChangePassword@4c419444]" name="afterMethod" is-config="true" duration-ms="0" started-at="2016-08-09T10:21:18Z" finished-at="2016-08-09T10:21:18Z">
          <reporter-output>
          </reporter-output>
        </test-method> <!-- afterMethod -->
        <test-method status="SKIP" signature="beforeMethod()[pri:0, instance:home_page_features.ChangePassword@4c419444]" name="beforeMethod" is-config="true" duration-ms="0" started-at="2016-08-09T10:21:18Z" finished-at="2016-08-09T10:21:18Z">
          <reporter-output>
          </reporter-output>
        </test-method> <!-- beforeMethod -->
        <test-method status="SKIP" signature="changePassword(java.lang.String, java.lang.String, java.lang.String)[pri:0, instance:home_page_features.ChangePassword@4c419444]" name="changePassword" duration-ms="0" started-at="2016-08-09T10:21:18Z" data-provider="changePass" finished-at="2016-08-09T10:21:18Z">
          <params>
            <param index="0">
              <value>
                <![CDATA[yespassword]]>
              </value>
            </param>
            <param index="1">
              <value>
                <![CDATA[whopassword]]>
              </value>
            </param>
            <param index="2">
              <value>
                <![CDATA[whatpassword]]>
              </value>
            </param>
          </params>
          <reporter-output>
          </reporter-output>
        </test-method> <!-- changePassword -->
        <test-method status="SKIP" signature="changePassword(java.lang.String, java.lang.String, java.lang.String)[pri:0, instance:home_page_features.ChangePassword@4c419444]" name="changePassword" duration-ms="0" started-at="2016-08-09T10:21:18Z" data-provider="changePass" finished-at="2016-08-09T10:21:18Z">
          <params>
            <param index="0">
              <value>
                <![CDATA[whatpassword]]>
              </value>
            </param>
            <param index="1">
              <value>
                <![CDATA[howpassword]]>
              </value>
            </param>
            <param index="2">
              <value>
                <![CDATA[nopassword]]>
              </value>
            </param>
          </params>
          <reporter-output>
          </reporter-output>
        </test-method> <!-- changePassword -->
        <test-method status="SKIP" signature="afterMethod()[pri:0, instance:home_page_features.ChangePassword@4c419444]" name="afterMethod" is-config="true" duration-ms="0" started-at="2016-08-09T10:21:18Z" finished-at="2016-08-09T10:21:18Z">
          <reporter-output>
          </reporter-output>
        </test-method> <!-- afterMethod -->
      </class> <!-- home_page_features.ChangePassword -->
    </test> <!-- ChangePass -->
  </suite> <!-- TestNG Test Suite -->
</testng-results>
